2019-05-20 16:09:11 [32minfo[39m: ------------- Movies Service -------------
2019-05-20 16:09:11 [32minfo[39m: ------------- Connecting to movies repository -------------
2019-05-20 16:09:15 [32minfo[39m: -------- Repository connected. starting server --------
2019-05-20 16:09:15 [32minfo[39m: Server started successfully, running on port: 5000
2019-05-20 16:22:00 [32minfo[39m: [32m*** Movies Service ***[39m
2019-05-20 16:22:00 [32minfo[39m: [32m*** Connecting to movies repository ***[39m
2019-05-20 16:22:04 [32minfo[39m: [32m*** Repository connected. starting server ***[39m
2019-05-20 16:22:04 [32minfo[39m: [32m*** Server started successfully, running on port: 5000 ***[39m
2019-05-20 16:41:46 [32minfo[39m: [32m*** Movies Service ***[39m
2019-05-20 16:41:46 [32minfo[39m: [32m*** Connecting to movies repository ***[39m
2019-05-20 16:41:49 [32minfo[39m: [32m*** Repository connected. starting server ***[39m
2019-05-20 16:41:49 [32minfo[39m: [32m*** Server started successfully, running on port: 5000 ***[39m
2019-05-20 16:42:25 [32minfo[39m: [34m*** Movies Service ***[39m
2019-05-20 16:42:25 [32minfo[39m: [32m*** Connecting to movies repository ***[39m
2019-05-20 16:42:27 [32minfo[39m: [32m*** Repository connected. starting server ***[39m
2019-05-20 16:42:27 [32minfo[39m: [32m*** Server started successfully, running on port: 5000 ***[39m
2019-05-20 18:01:37 [32minfo[39m: [34m*** Movies Service ***[39m
2019-05-20 18:01:37 [32minfo[39m: [32m*** Connecting to movies repository ***[39m
2019-05-20 18:01:40 [32minfo[39m: [32m*** Repository connected. starting server ***[39m
2019-05-20 18:01:40 [32minfo[39m: [32m*** Server started successfully, running on port: 5000 ***[39m
